{"C:\\projects\\cs360\\CS_360_issviewer\\app.js": {"path":"C:\\projects\\cs360\\CS_360_issviewer\\app.js","statementMap":{"0":{"start":{"line":1,"column":16},"end":{"line":1,"column":34}},"1":{"start":{"line":2,"column":14},"end":{"line":2,"column":35}},"2":{"start":{"line":3,"column":18},"end":{"line":3,"column":41}},"3":{"start":{"line":4,"column":19},"end":{"line":4,"column":44}},"4":{"start":{"line":5,"column":16},"end":{"line":5,"column":36}},"5":{"start":{"line":6,"column":14},"end":{"line":6,"column":32}},"6":{"start":{"line":8,"column":13},"end":{"line":8,"column":37}},"7":{"start":{"line":9,"column":20},"end":{"line":9,"column":27}},"8":{"start":{"line":10,"column":30},"end":{"line":10,"column":33}},"9":{"start":{"line":11,"column":16},"end":{"line":11,"column":54}},"10":{"start":{"line":12,"column":16},"end":{"line":15,"column":2}},"11":{"start":{"line":17,"column":12},"end":{"line":17,"column":21}},"12":{"start":{"line":18,"column":14},"end":{"line":18,"column":16}},"13":{"start":{"line":19,"column":18},"end":{"line":19,"column":20}},"14":{"start":{"line":21,"column":0},"end":{"line":21,"column":34}},"15":{"start":{"line":25,"column":13},"end":{"line":25,"column":34}},"16":{"start":{"line":26,"column":1},"end":{"line":26,"column":33}},"17":{"start":{"line":31,"column":1},"end":{"line":31,"column":42}},"18":{"start":{"line":36,"column":1},"end":{"line":37,"column":37}},"19":{"start":{"line":37,"column":2},"end":{"line":37,"column":37}},"20":{"start":{"line":43,"column":16},"end":{"line":43,"column":64}},"21":{"start":{"line":44,"column":16},"end":{"line":44,"column":55}},"22":{"start":{"line":45,"column":16},"end":{"line":45,"column":31}},"23":{"start":{"line":46,"column":14},"end":{"line":46,"column":42}},"24":{"start":{"line":47,"column":15},"end":{"line":47,"column":52}},"25":{"start":{"line":49,"column":13},"end":{"line":49,"column":49}},"26":{"start":{"line":50,"column":13},"end":{"line":50,"column":51}},"27":{"start":{"line":51,"column":16},"end":{"line":51,"column":28}},"28":{"start":{"line":54,"column":1},"end":{"line":59,"column":2}},"29":{"start":{"line":61,"column":1},"end":{"line":61,"column":13}},"30":{"start":{"line":66,"column":1},"end":{"line":101,"column":2}},"31":{"start":{"line":68,"column":15},"end":{"line":68,"column":35}},"32":{"start":{"line":70,"column":2},"end":{"line":70,"column":51}},"33":{"start":{"line":71,"column":2},"end":{"line":97,"column":3}},"34":{"start":{"line":73,"column":18},"end":{"line":73,"column":40}},"35":{"start":{"line":74,"column":16},"end":{"line":74,"column":53}},"36":{"start":{"line":75,"column":3},"end":{"line":75,"column":36}},"37":{"start":{"line":76,"column":22},"end":{"line":76,"column":46}},"38":{"start":{"line":77,"column":16},"end":{"line":77,"column":38}},"39":{"start":{"line":78,"column":14},"end":{"line":78,"column":59}},"40":{"start":{"line":79,"column":20},"end":{"line":79,"column":42}},"41":{"start":{"line":80,"column":3},"end":{"line":80,"column":44}},"42":{"start":{"line":82,"column":3},"end":{"line":82,"column":47}},"43":{"start":{"line":83,"column":3},"end":{"line":91,"column":4}},"44":{"start":{"line":85,"column":4},"end":{"line":85,"column":64}},"45":{"start":{"line":86,"column":4},"end":{"line":86,"column":23}},"46":{"start":{"line":89,"column":4},"end":{"line":89,"column":62}},"47":{"start":{"line":90,"column":4},"end":{"line":90,"column":19}},"48":{"start":{"line":95,"column":3},"end":{"line":95,"column":67}},"49":{"start":{"line":96,"column":3},"end":{"line":96,"column":18}},"50":{"start":{"line":100,"column":2},"end":{"line":100,"column":45}},"51":{"start":{"line":106,"column":1},"end":{"line":117,"column":2}},"52":{"start":{"line":108,"column":19},"end":{"line":108,"column":92}},"53":{"start":{"line":109,"column":22},"end":{"line":109,"column":43}},"54":{"start":{"line":110,"column":2},"end":{"line":110,"column":42}},"55":{"start":{"line":112,"column":2},"end":{"line":112,"column":43}},"56":{"start":{"line":116,"column":2},"end":{"line":116,"column":45}},"57":{"start":{"line":122,"column":1},"end":{"line":124,"column":3}},"58":{"start":{"line":130,"column":1},"end":{"line":181,"column":2}},"59":{"start":{"line":132,"column":27},"end":{"line":132,"column":37}},"60":{"start":{"line":134,"column":2},"end":{"line":138,"column":3}},"61":{"start":{"line":136,"column":3},"end":{"line":136,"column":55}},"62":{"start":{"line":137,"column":3},"end":{"line":137,"column":10}},"63":{"start":{"line":140,"column":17},"end":{"line":140,"column":54}},"64":{"start":{"line":143,"column":2},"end":{"line":160,"column":3}},"65":{"start":{"line":145,"column":3},"end":{"line":145,"column":66}},"66":{"start":{"line":146,"column":22},"end":{"line":146,"column":107}},"67":{"start":{"line":147,"column":20},"end":{"line":149,"column":4}},"68":{"start":{"line":148,"column":4},"end":{"line":148,"column":30}},"69":{"start":{"line":150,"column":18},"end":{"line":150,"column":39}},"70":{"start":{"line":152,"column":3},"end":{"line":159,"column":4}},"71":{"start":{"line":154,"column":4},"end":{"line":154,"column":25}},"72":{"start":{"line":157,"column":4},"end":{"line":157,"column":17}},"73":{"start":{"line":158,"column":4},"end":{"line":158,"column":11}},"74":{"start":{"line":162,"column":22},"end":{"line":162,"column":82}},"75":{"start":{"line":164,"column":2},"end":{"line":171,"column":3}},"76":{"start":{"line":174,"column":2},"end":{"line":174,"column":50}},"77":{"start":{"line":175,"column":2},"end":{"line":175,"column":17}},"78":{"start":{"line":179,"column":2},"end":{"line":179,"column":50}},"79":{"start":{"line":180,"column":2},"end":{"line":180,"column":48}},"80":{"start":{"line":184,"column":0},"end":{"line":187,"column":3}},"81":{"start":{"line":186,"column":1},"end":{"line":186,"column":23}},"82":{"start":{"line":188,"column":0},"end":{"line":188,"column":51}},"83":{"start":{"line":190,"column":13},"end":{"line":193,"column":2}},"84":{"start":{"line":192,"column":1},"end":{"line":192,"column":37}},"85":{"start":{"line":195,"column":25},"end":{"line":213,"column":2}},"86":{"start":{"line":196,"column":1},"end":{"line":196,"column":30}},"87":{"start":{"line":197,"column":1},"end":{"line":197,"column":31}},"88":{"start":{"line":198,"column":1},"end":{"line":198,"column":15}},"89":{"start":{"line":200,"column":1},"end":{"line":200,"column":79}},"90":{"start":{"line":201,"column":1},"end":{"line":207,"column":3}},"91":{"start":{"line":216,"column":0},"end":{"line":216,"column":39}},"92":{"start":{"line":218,"column":0},"end":{"line":218,"column":38}},"93":{"start":{"line":220,"column":0},"end":{"line":220,"column":19}},"94":{"start":{"line":221,"column":20},"end":{"line":221,"column":58}},"95":{"start":{"line":222,"column":21},"end":{"line":222,"column":71}},"96":{"start":{"line":224,"column":0},"end":{"line":224,"column":43}}},"fnMap":{"0":{"name":"tleStringToArray","decl":{"start":{"line":23,"column":9},"end":{"line":23,"column":25}},"loc":{"start":{"line":24,"column":0},"end":{"line":27,"column":1}},"line":24},"1":{"name":"tleArrayToString","decl":{"start":{"line":29,"column":9},"end":{"line":29,"column":25}},"loc":{"start":{"line":30,"column":0},"end":{"line":32,"column":1}},"line":30},"2":{"name":"updatePosition","decl":{"start":{"line":34,"column":9},"end":{"line":34,"column":23}},"loc":{"start":{"line":35,"column":0},"end":{"line":38,"column":1}},"line":35},"3":{"name":"getCurrentPosition","decl":{"start":{"line":41,"column":9},"end":{"line":41,"column":27}},"loc":{"start":{"line":42,"column":0},"end":{"line":62,"column":1}},"line":42},"4":{"name":"startLoadTleData","decl":{"start":{"line":64,"column":15},"end":{"line":64,"column":31}},"loc":{"start":{"line":65,"column":0},"end":{"line":102,"column":1}},"line":65},"5":{"name":"fetchTleData","decl":{"start":{"line":104,"column":15},"end":{"line":104,"column":27}},"loc":{"start":{"line":105,"column":0},"end":{"line":118,"column":1}},"line":105},"6":{"name":"eciVelocityToKmph","decl":{"start":{"line":120,"column":9},"end":{"line":120,"column":26}},"loc":{"start":{"line":121,"column":0},"end":{"line":125,"column":1}},"line":121},"7":{"name":"predictResponse","decl":{"start":{"line":128,"column":15},"end":{"line":128,"column":30}},"loc":{"start":{"line":129,"column":0},"end":{"line":182,"column":1}},"line":129},"8":{"name":"(anonymous_8)","decl":{"start":{"line":147,"column":43},"end":{"line":147,"column":44}},"loc":{"start":{"line":148,"column":4},"end":{"line":148,"column":30}},"line":148},"9":{"name":"(anonymous_9)","decl":{"start":{"line":184,"column":18},"end":{"line":184,"column":19}},"loc":{"start":{"line":185,"column":0},"end":{"line":187,"column":1}},"line":185},"10":{"name":"(anonymous_10)","decl":{"start":{"line":190,"column":30},"end":{"line":190,"column":31}},"loc":{"start":{"line":191,"column":0},"end":{"line":193,"column":1}},"line":191},"11":{"name":"(anonymous_11)","decl":{"start":{"line":195,"column":25},"end":{"line":195,"column":26}},"loc":{"start":{"line":195,"column":31},"end":{"line":213,"column":2}},"line":195},"12":{"name":"(anonymous_12)","decl":{"start":{"line":201,"column":14},"end":{"line":201,"column":15}},"loc":{"start":{"line":201,"column":20},"end":{"line":207,"column":2}},"line":201}},"branchMap":{"0":{"loc":{"start":{"line":8,"column":13},"end":{"line":8,"column":37}},"type":"binary-expr","locations":[{"start":{"line":8,"column":13},"end":{"line":8,"column":29}},{"start":{"line":8,"column":33},"end":{"line":8,"column":37}}],"line":8},"1":{"loc":{"start":{"line":36,"column":1},"end":{"line":37,"column":37}},"type":"if","locations":[{"start":{"line":36,"column":1},"end":{"line":37,"column":37}},{"start":{},"end":{}}],"line":36},"2":{"loc":{"start":{"line":71,"column":2},"end":{"line":97,"column":3}},"type":"if","locations":[{"start":{"line":71,"column":2},"end":{"line":97,"column":3}},{"start":{"line":94,"column":2},"end":{"line":97,"column":3}}],"line":71},"3":{"loc":{"start":{"line":83,"column":3},"end":{"line":91,"column":4}},"type":"if","locations":[{"start":{"line":83,"column":3},"end":{"line":91,"column":4}},{"start":{"line":88,"column":3},"end":{"line":91,"column":4}}],"line":83},"4":{"loc":{"start":{"line":134,"column":2},"end":{"line":138,"column":3}},"type":"if","locations":[{"start":{"line":134,"column":2},"end":{"line":138,"column":3}},{"start":{},"end":{}}],"line":134},"5":{"loc":{"start":{"line":143,"column":2},"end":{"line":160,"column":3}},"type":"if","locations":[{"start":{"line":143,"column":2},"end":{"line":160,"column":3}},{"start":{},"end":{}}],"line":143},"6":{"loc":{"start":{"line":152,"column":3},"end":{"line":159,"column":4}},"type":"if","locations":[{"start":{"line":152,"column":3},"end":{"line":159,"column":4}},{"start":{"line":156,"column":3},"end":{"line":159,"column":4}}],"line":152}},"s":{"0":1,"1":1,"2":1,"3":1,"4":1,"5":1,"6":1,"7":1,"8":1,"9":1,"10":1,"11":1,"12":1,"13":1,"14":1,"15":3,"16":3,"17":1,"18":5,"19":4,"20":5,"21":5,"22":5,"23":5,"24":5,"25":5,"26":5,"27":5,"28":5,"29":5,"30":2,"31":2,"32":2,"33":2,"34":2,"35":2,"36":2,"37":2,"38":2,"39":2,"40":2,"41":2,"42":2,"43":2,"44":2,"45":2,"46":0,"47":0,"48":0,"49":0,"50":0,"51":0,"52":0,"53":0,"54":0,"55":0,"56":0,"57":6,"58":1,"59":1,"60":1,"61":0,"62":0,"63":1,"64":1,"65":0,"66":0,"67":0,"68":0,"69":0,"70":0,"71":0,"72":0,"73":0,"74":1,"75":1,"76":1,"77":1,"78":0,"79":0,"80":1,"81":1,"82":1,"83":1,"84":1,"85":1,"86":1,"87":1,"88":1,"89":1,"90":1,"91":1,"92":1,"93":1,"94":1,"95":1,"96":1},"f":{"0":3,"1":1,"2":5,"3":5,"4":2,"5":0,"6":6,"7":1,"8":0,"9":1,"10":1,"11":1,"12":0},"b":{"0":[1,1],"1":[4,1],"2":[2,0],"3":[2,0],"4":[0,1],"5":[0,1],"6":[0,0]},"_coverageSchema":"1a1c01bbd47fc00a2c39e90264f33305004495a9","hash":"6059f5e18d472e8735f2137c7887f0341cacd632"}
,"C:\\projects\\cs360\\CS_360_issviewer\\cache.js": {"path":"C:\\projects\\cs360\\CS_360_issviewer\\cache.js","statementMap":{"0":{"start":{"line":1,"column":14},"end":{"line":1,"column":30}},"1":{"start":{"line":3,"column":19},"end":{"line":3,"column":23}},"2":{"start":{"line":4,"column":20},"end":{"line":4,"column":63}},"3":{"start":{"line":6,"column":0},"end":{"line":49,"column":2}},"4":{"start":{"line":10,"column":2},"end":{"line":18,"column":5}},"5":{"start":{"line":12,"column":3},"end":{"line":17,"column":6}},"6":{"start":{"line":14,"column":4},"end":{"line":14,"column":23}},"7":{"start":{"line":14,"column":13},"end":{"line":14,"column":23}},"8":{"start":{"line":16,"column":4},"end":{"line":16,"column":18}},"9":{"start":{"line":23,"column":2},"end":{"line":23,"column":44}},"10":{"start":{"line":28,"column":2},"end":{"line":38,"column":5}},"11":{"start":{"line":30,"column":3},"end":{"line":37,"column":6}},"12":{"start":{"line":32,"column":4},"end":{"line":32,"column":23}},"13":{"start":{"line":32,"column":13},"end":{"line":32,"column":23}},"14":{"start":{"line":34,"column":4},"end":{"line":35,"column":52}},"15":{"start":{"line":35,"column":5},"end":{"line":35,"column":52}},"16":{"start":{"line":36,"column":4},"end":{"line":36,"column":18}},"17":{"start":{"line":43,"column":2},"end":{"line":43,"column":58}},"18":{"start":{"line":47,"column":2},"end":{"line":47,"column":21}}},"fnMap":{"0":{"name":"(anonymous_0)","decl":{"start":{"line":8,"column":9},"end":{"line":8,"column":10}},"loc":{"start":{"line":9,"column":1},"end":{"line":19,"column":2}},"line":9},"1":{"name":"(anonymous_1)","decl":{"start":{"line":10,"column":21},"end":{"line":10,"column":22}},"loc":{"start":{"line":11,"column":2},"end":{"line":18,"column":3}},"line":11},"2":{"name":"(anonymous_2)","decl":{"start":{"line":12,"column":34},"end":{"line":12,"column":35}},"loc":{"start":{"line":13,"column":3},"end":{"line":17,"column":4}},"line":13},"3":{"name":"(anonymous_3)","decl":{"start":{"line":21,"column":10},"end":{"line":21,"column":11}},"loc":{"start":{"line":22,"column":1},"end":{"line":24,"column":2}},"line":22},"4":{"name":"(anonymous_4)","decl":{"start":{"line":26,"column":14},"end":{"line":26,"column":15}},"loc":{"start":{"line":27,"column":1},"end":{"line":39,"column":2}},"line":27},"5":{"name":"(anonymous_5)","decl":{"start":{"line":28,"column":21},"end":{"line":28,"column":22}},"loc":{"start":{"line":29,"column":2},"end":{"line":38,"column":3}},"line":29},"6":{"name":"(anonymous_6)","decl":{"start":{"line":30,"column":51},"end":{"line":30,"column":52}},"loc":{"start":{"line":31,"column":3},"end":{"line":37,"column":4}},"line":31},"7":{"name":"(anonymous_7)","decl":{"start":{"line":41,"column":15},"end":{"line":41,"column":16}},"loc":{"start":{"line":42,"column":1},"end":{"line":44,"column":2}},"line":42},"8":{"name":"(anonymous_8)","decl":{"start":{"line":46,"column":8},"end":{"line":46,"column":9}},"loc":{"start":{"line":46,"column":14},"end":{"line":48,"column":2}},"line":46}},"branchMap":{"0":{"loc":{"start":{"line":14,"column":4},"end":{"line":14,"column":23}},"type":"if","locations":[{"start":{"line":14,"column":4},"end":{"line":14,"column":23}},{"start":{},"end":{}}],"line":14},"1":{"loc":{"start":{"line":32,"column":4},"end":{"line":32,"column":23}},"type":"if","locations":[{"start":{"line":32,"column":4},"end":{"line":32,"column":23}},{"start":{},"end":{}}],"line":32},"2":{"loc":{"start":{"line":34,"column":4},"end":{"line":35,"column":52}},"type":"if","locations":[{"start":{"line":34,"column":4},"end":{"line":35,"column":52}},{"start":{},"end":{}}],"line":34}},"s":{"0":1,"1":1,"2":1,"3":1,"4":3,"5":3,"6":3,"7":0,"8":3,"9":0,"10":2,"11":2,"12":2,"13":0,"14":2,"15":2,"16":2,"17":1,"18":1},"f":{"0":3,"1":3,"2":3,"3":0,"4":2,"5":2,"6":2,"7":1,"8":1},"b":{"0":[0,3],"1":[0,2],"2":[2,0]},"_coverageSchema":"1a1c01bbd47fc00a2c39e90264f33305004495a9","hash":"91a76c0726383f6eef525becff3a04b861ecc375"}
,"C:\\projects\\cs360\\CS_360_issviewer\\predict.js": {"path":"C:\\projects\\cs360\\CS_360_issviewer\\predict.js","statementMap":{"0":{"start":{"line":1,"column":18},"end":{"line":1,"column":42}},"1":{"start":{"line":3,"column":0},"end":{"line":39,"column":1}},"2":{"start":{"line":8,"column":18},"end":{"line":8,"column":20}},"3":{"start":{"line":9,"column":21},"end":{"line":9,"column":33}},"4":{"start":{"line":10,"column":20},"end":{"line":10,"column":95}},"5":{"start":{"line":12,"column":2},"end":{"line":37,"column":5}},"6":{"start":{"line":14,"column":20},"end":{"line":14,"column":22}},"7":{"start":{"line":16,"column":3},"end":{"line":19,"column":6}},"8":{"start":{"line":18,"column":4},"end":{"line":18,"column":40}},"9":{"start":{"line":21,"column":3},"end":{"line":25,"column":6}},"10":{"start":{"line":23,"column":4},"end":{"line":23,"column":67}},"11":{"start":{"line":24,"column":4},"end":{"line":24,"column":13}},"12":{"start":{"line":27,"column":3},"end":{"line":31,"column":6}},"13":{"start":{"line":29,"column":4},"end":{"line":29,"column":66}},"14":{"start":{"line":30,"column":4},"end":{"line":30,"column":13}},"15":{"start":{"line":33,"column":3},"end":{"line":36,"column":6}},"16":{"start":{"line":35,"column":4},"end":{"line":35,"column":36}}},"fnMap":{"0":{"name":"(anonymous_0)","decl":{"start":{"line":6,"column":12},"end":{"line":6,"column":13}},"loc":{"start":{"line":7,"column":1},"end":{"line":38,"column":2}},"line":7},"1":{"name":"(anonymous_1)","decl":{"start":{"line":12,"column":21},"end":{"line":12,"column":22}},"loc":{"start":{"line":13,"column":2},"end":{"line":37,"column":3}},"line":13},"2":{"name":"(anonymous_2)","decl":{"start":{"line":16,"column":31},"end":{"line":16,"column":32}},"loc":{"start":{"line":17,"column":3},"end":{"line":19,"column":4}},"line":17},"3":{"name":"(anonymous_3)","decl":{"start":{"line":21,"column":31},"end":{"line":21,"column":32}},"loc":{"start":{"line":22,"column":3},"end":{"line":25,"column":4}},"line":22},"4":{"name":"(anonymous_4)","decl":{"start":{"line":27,"column":25},"end":{"line":27,"column":26}},"loc":{"start":{"line":28,"column":3},"end":{"line":31,"column":4}},"line":28},"5":{"name":"(anonymous_5)","decl":{"start":{"line":33,"column":25},"end":{"line":33,"column":26}},"loc":{"start":{"line":34,"column":3},"end":{"line":36,"column":4}},"line":34}},"branchMap":{},"s":{"0":1,"1":1,"2":1,"3":1,"4":1,"5":1,"6":1,"7":1,"8":1,"9":1,"10":0,"11":0,"12":1,"13":0,"14":0,"15":1,"16":1},"f":{"0":1,"1":1,"2":1,"3":0,"4":0,"5":1},"b":{},"_coverageSchema":"1a1c01bbd47fc00a2c39e90264f33305004495a9","hash":"2c566816639027119fbd351e0821218ff9f1783f"}
}
