TN:
SF:app.js
FN:23,tleStringToArray
FN:29,tleArrayToString
FN:34,updatePosition
FN:41,getCurrentPosition
FN:64,startLoadTleData
FN:104,fetchTleData
FN:120,eciVelocityToKmph
FN:128,predictResponse
FN:147,(anonymous_8)
FN:184,(anonymous_9)
FN:193,(anonymous_10)
FNF:11
FNH:9
FNDA:1,tleStringToArray
FNDA:1,tleArrayToString
FNDA:189,updatePosition
FNDA:1,getCurrentPosition
FNDA:2,startLoadTleData
FNDA:0,fetchTleData
FNDA:1,eciVelocityToKmph
FNDA:1,predictResponse
FNDA:0,(anonymous_8)
FNDA:1,(anonymous_9)
FNDA:1,(anonymous_10)
DA:1,1
DA:2,1
DA:3,1
DA:4,1
DA:5,1
DA:6,1
DA:8,1
DA:9,1
DA:10,1
DA:11,1
DA:12,1
DA:17,1
DA:18,1
DA:19,1
DA:21,1
DA:25,1
DA:26,1
DA:31,1
DA:36,189
DA:37,0
DA:43,1
DA:44,0
DA:45,0
DA:46,0
DA:47,0
DA:49,0
DA:50,0
DA:51,0
DA:54,0
DA:61,0
DA:66,2
DA:68,2
DA:70,0
DA:71,0
DA:73,0
DA:74,0
DA:75,0
DA:76,0
DA:77,0
DA:78,0
DA:79,0
DA:80,0
DA:82,0
DA:83,0
DA:85,0
DA:86,0
DA:89,0
DA:90,0
DA:95,0
DA:96,0
DA:100,0
DA:106,0
DA:108,0
DA:109,0
DA:110,0
DA:112,0
DA:116,0
DA:122,1
DA:130,1
DA:132,1
DA:134,1
DA:136,0
DA:137,0
DA:140,1
DA:143,0
DA:145,0
DA:146,0
DA:147,0
DA:148,0
DA:150,0
DA:152,0
DA:154,0
DA:157,0
DA:158,0
DA:162,0
DA:164,0
DA:174,0
DA:175,0
DA:179,0
DA:180,0
DA:184,1
DA:186,1
DA:188,1
DA:193,1
DA:195,1
DA:198,1
DA:199,1
DA:200,1
DA:202,1
LF:89
LH:36
BRDA:8,0,0,1
BRDA:8,0,1,1
BRDA:36,1,0,0
BRDA:36,1,1,189
BRDA:71,2,0,0
BRDA:71,2,1,0
BRDA:83,3,0,0
BRDA:83,3,1,0
BRDA:134,4,0,0
BRDA:134,4,1,1
BRDA:143,5,0,0
BRDA:143,5,1,0
BRDA:152,6,0,0
BRDA:152,6,1,0
BRF:14
BRH:4
end_of_record
TN:
SF:cache.js
FN:8,(anonymous_0)
FN:10,(anonymous_1)
FN:12,(anonymous_2)
FN:21,(anonymous_3)
FN:26,(anonymous_4)
FN:28,(anonymous_5)
FN:30,(anonymous_6)
FN:41,(anonymous_7)
FNF:8
FNH:4
FNDA:3,(anonymous_0)
FNDA:3,(anonymous_1)
FNDA:0,(anonymous_2)
FNDA:0,(anonymous_3)
FNDA:2,(anonymous_4)
FNDA:2,(anonymous_5)
FNDA:0,(anonymous_6)
FNDA:0,(anonymous_7)
DA:1,1
DA:3,1
DA:4,1
DA:6,1
DA:10,3
DA:12,3
DA:14,0
DA:16,0
DA:23,0
DA:28,2
DA:30,2
DA:32,0
DA:34,0
DA:35,0
DA:36,0
DA:43,0
LF:16
LH:8
BRDA:14,0,0,0
BRDA:14,0,1,0
BRDA:32,1,0,0
BRDA:32,1,1,0
BRDA:34,2,0,0
BRDA:34,2,1,0
BRF:6
BRH:0
end_of_record
TN:
SF:predict.js
FN:6,(anonymous_0)
FN:12,(anonymous_1)
FN:16,(anonymous_2)
FN:21,(anonymous_3)
FN:27,(anonymous_4)
FN:33,(anonymous_5)
FNF:6
FNH:0
FNDA:0,(anonymous_0)
FNDA:0,(anonymous_1)
FNDA:0,(anonymous_2)
FNDA:0,(anonymous_3)
FNDA:0,(anonymous_4)
FNDA:0,(anonymous_5)
DA:1,1
DA:3,1
DA:8,0
DA:9,0
DA:10,0
DA:12,0
DA:14,0
DA:16,0
DA:18,0
DA:21,0
DA:23,0
DA:24,0
DA:27,0
DA:29,0
DA:30,0
DA:33,0
DA:35,0
LF:17
LH:2
BRF:0
BRH:0
end_of_record
