TN:
SF:app.js
FN:23,tleStringToArray
FN:29,tleArrayToString
FN:34,updatePosition
FN:41,getCurrentPosition
FN:64,startLoadTleData
FN:104,fetchTleData
FN:120,eciVelocityToKmph
FN:128,predictResponse
FN:147,(anonymous_8)
FN:184,(anonymous_9)
FN:190,(anonymous_10)
FN:195,(anonymous_11)
FN:201,(anonymous_12)
FNF:13
FNH:10
FNDA:4,tleStringToArray
FNDA:1,tleArrayToString
FNDA:6,updatePosition
FNDA:8,getCurrentPosition
FNDA:3,startLoadTleData
FNDA:0,fetchTleData
FNDA:9,eciVelocityToKmph
FNDA:1,predictResponse
FNDA:0,(anonymous_8)
FNDA:1,(anonymous_9)
FNDA:1,(anonymous_10)
FNDA:1,(anonymous_11)
FNDA:0,(anonymous_12)
DA:1,1
DA:2,1
DA:3,1
DA:4,1
DA:5,1
DA:6,1
DA:8,1
DA:9,1
DA:10,1
DA:11,1
DA:12,1
DA:17,1
DA:18,1
DA:19,1
DA:21,1
DA:25,4
DA:26,4
DA:31,1
DA:36,6
DA:37,5
DA:43,8
DA:44,8
DA:45,8
DA:46,8
DA:47,8
DA:49,8
DA:50,8
DA:51,8
DA:54,8
DA:61,8
DA:66,3
DA:68,3
DA:70,3
DA:71,3
DA:73,3
DA:74,3
DA:75,3
DA:76,3
DA:77,3
DA:78,3
DA:79,3
DA:80,3
DA:82,3
DA:83,3
DA:85,3
DA:86,3
DA:89,0
DA:90,0
DA:95,0
DA:96,0
DA:100,0
DA:106,0
DA:108,0
DA:109,0
DA:110,0
DA:112,0
DA:116,0
DA:122,9
DA:130,1
DA:132,1
DA:134,1
DA:136,0
DA:137,0
DA:140,1
DA:143,1
DA:145,0
DA:146,0
DA:147,0
DA:148,0
DA:150,0
DA:152,0
DA:154,0
DA:157,0
DA:158,0
DA:162,1
DA:164,1
DA:174,1
DA:175,1
DA:179,0
DA:180,0
DA:184,1
DA:186,1
DA:188,1
DA:190,1
DA:192,1
DA:195,1
DA:196,1
DA:197,1
DA:198,1
DA:200,1
DA:201,1
DA:216,1
DA:218,1
DA:220,1
DA:221,1
DA:222,1
DA:224,1
LF:97
LH:73
BRDA:8,0,0,1
BRDA:8,0,1,1
BRDA:36,1,0,5
BRDA:36,1,1,1
BRDA:71,2,0,3
BRDA:71,2,1,0
BRDA:83,3,0,3
BRDA:83,3,1,0
BRDA:134,4,0,0
BRDA:134,4,1,1
BRDA:143,5,0,0
BRDA:143,5,1,1
BRDA:152,6,0,0
BRDA:152,6,1,0
BRF:14
BRH:8
end_of_record
TN:
SF:cache.js
FN:8,(anonymous_0)
FN:10,(anonymous_1)
FN:12,(anonymous_2)
FN:21,(anonymous_3)
FN:26,(anonymous_4)
FN:28,(anonymous_5)
FN:30,(anonymous_6)
FN:41,(anonymous_7)
FN:46,(anonymous_8)
FNF:9
FNH:8
FNDA:4,(anonymous_0)
FNDA:4,(anonymous_1)
FNDA:4,(anonymous_2)
FNDA:0,(anonymous_3)
FNDA:2,(anonymous_4)
FNDA:2,(anonymous_5)
FNDA:2,(anonymous_6)
FNDA:1,(anonymous_7)
FNDA:1,(anonymous_8)
DA:1,1
DA:3,1
DA:4,1
DA:6,1
DA:10,4
DA:12,4
DA:14,4
DA:16,4
DA:23,0
DA:28,2
DA:30,2
DA:32,2
DA:34,2
DA:35,2
DA:36,2
DA:43,1
DA:47,1
LF:17
LH:16
BRDA:14,0,0,0
BRDA:14,0,1,4
BRDA:32,1,0,0
BRDA:32,1,1,2
BRDA:34,2,0,2
BRDA:34,2,1,0
BRF:6
BRH:3
end_of_record
TN:
SF:predict.js
FN:6,(anonymous_0)
FN:12,(anonymous_1)
FN:16,(anonymous_2)
FN:21,(anonymous_3)
FN:27,(anonymous_4)
FN:33,(anonymous_5)
FNF:6
FNH:4
FNDA:1,(anonymous_0)
FNDA:1,(anonymous_1)
FNDA:1,(anonymous_2)
FNDA:0,(anonymous_3)
FNDA:0,(anonymous_4)
FNDA:1,(anonymous_5)
DA:1,1
DA:3,1
DA:8,1
DA:9,1
DA:10,1
DA:12,1
DA:14,1
DA:16,1
DA:18,1
DA:21,1
DA:23,0
DA:24,0
DA:27,1
DA:29,0
DA:30,0
DA:33,1
DA:35,1
LF:17
LH:13
BRF:0
BRH:0
end_of_record
